<?xml version="1.0" encoding="UTF-8"?>
<!-- Generated by org.testng.reporters.JUnitReportReporter -->
<testsuite hostname="Janavi" failures="0" tests="2" name="test.LoginTest" time="16.133" errors="0" timestamp="2024-08-15T10:41:05 CDT" skipped="0">
  <testcase classname="test.LoginTest" name="validateAlertMessages" time="2.910"/>
  <testcase classname="test.LoginTest" name="userShouldBeAbleToLogin" time="13.223"/>
</testsuite> <!-- test.LoginTest -->
