<?xml version="1.0" encoding="UTF-8"?>
<!-- Generated by org.testng.reporters.JUnitReportReporter -->
<testsuite hostname="Janavi" failures="0" tests="1" name="util.BrowserFactory" time="5.035" errors="0" timestamp="2024-08-13T10:43:04 CDT" skipped="0">
  <testcase classname="util.BrowserFactory" name="init" time="5.035"/>
</testsuite> <!-- util.BrowserFactory -->
